4/Utilities/cmlibuv/src/unix -I/data/data/com.termux/files/usr/tmp/tmp5rtnz7og/cmake-3.31.4/Utilities/cmlibuv/src -c /data/data/com.termux/files/usr/tmp/tmp5rtnz7og/cmake-3.31.4/Utilities/cmlibuv/src/unix/cmake-bootstrap.c -o uv-src-unix-cmake-bootstrap.c.o                                                                   gcc    -D_FILE_OFFSET_BITS=64    -DCMAKE_BOOTSTRAP   -I/data/data/com.termux/files/usr/tmp/tmp5rtnz7og/cmake-3.31.4/Bootstrap.cmk   -I/data/data/com.termux/files/usr/tmp/tmp5rtnz7og/cmake-3.31.4/Source   -I/data/data/com.termux/files/usr/tmp/tmp5rtnz7og/cmake-3.31.4/Source/LexerParser   -I/data/data/com.termux/files/usr/tmp/tmp5rtnz7og/cmake-3.31.4/Utilities  -D_GNU_SOURCE -I/data/data/com.termux/files/usr/tmp/tmp5rtnz7og/cmake-3.31.4/Utilities/cmlibuv/include -I/data/data/com.termux/files/usr/tmp/tmp5rtnz7og/cmake-3.31.4/Utilities/cmlibuv/src/unix -I/data/data/com.termux/files/usr/tmp/tmp5rtnz7og/cmake-3.31.4/Utilities/cmlibuv/src -c /data/data/com.termux/files/usr/tmp/tmp5rtnz7og/cmake-3.31.4/Utilities/cmlibuv/src/unix/core.c -o uv-src-unix-core.c.o                                       gcc    -D_FILE_OFFSET_BITS=64    -DCMAKE_BOOTSTRAP   -I/data/data/com.termux/files/usr/tmp/tmp5rtnz7og/cmake-3.31.4/Bootstrap.cmk   -I/data/data/com.termux/files/usr/tmp/tmp5rtnz7og/cmake-3.31.4/Source   -I/data/data/com.termux/files/usr/tmp/tmp5rtnz7og/cmake-3.31.4/Source/LexerParser   -I/data/data/com.termux/files/usr/tmp/tmp5rtnz7og/cmake-3.31.4/Utilities  -D_GNU_SOURCE -I/data/data/com.termux/files/usr/tmp/tmp5rtnz7og/cmake-3.31.4/Utilities/cmlibuv/include -I/data/data/com.termux/files/usr/tmp/tmp5rtnz7og/cmake-3.31.4/Utilities/cmlibuv/src/unix -I/data/data/com.termux/files/usr/tmp/tmp5rtnz7og/cmake-3.31.4/Utilities/cmlibuv/src -c /data/data/com.termux/files/usr/tmp/tmp5rtnz7og/cmake-3.31.4/Utilities/cmlibuv/src/unix/fs.c -o uv-src-unix-fs.c.o                                           gcc    -D_FILE_OFFSET_BITS=64    -DCMAKE_BOOTSTRAP   -I/data/data/com.termux/files/usr/tmp/tmp5rtnz7og/cmake-3.31.4/Bootstrap.cmk   -I/data/data/com.termux/files/usr/tmp/tmp5rtnz7og/cmake-3.31.4/Source   -I/data/data/com.termux/files/usr/tmp/tmp5rtnz7og/cmake-3.31.4/Source/LexerParser   -I/data/data/com.termux/files/usr/tmp/tmp5rtnz7og/cmake-3.31.4/Utilities  -D_GNU_SOURCE -I/data/data/com.termux/files/usr/tmp/tmp5rtnz7og/cmake-3.31.4/Utilities/cmlibuv/include -I/data/data/com.termux/files/usr/tmp/tmp5rtnz7og/cmake-3.31.4/Utilities/cmlibuv/src/unix -I/data/data/com.termux/files/usr/tmp/tmp5rtnz7og/cmake-3.31.4/Utilities/cmlibuv/src -c /data/data/com.termux/files/usr/tmp/tmp5rtnz7og/cmake-3.31.4/Utilities/cmlibuv/src/unix/loop.c -o uv-src-unix-loop.c.o                                       gcc    -D_FILE_OFFSET_BITS=64    -DCMAKE_BOOTSTRAP   -I/data/data/com.termux/files/usr/tmp/tmp5rtnz7og/cmake-3.31.4/Bootstrap.cmk   -I/data/data/com.termux/files/usr/tmp/tmp5rtnz7og/cmake-3.31.4/Source   -I/data/data/com.termux/files/usr/tmp/tmp5rtnz7og/cmake-3.31.4/Source/LexerParser   -I/data/data/com.termux/files/usr/tmp/tmp5rtnz7og/cmake-3.31.4/Utilities  -D_GNU_SOURCE -I/data/data/com.termux/files/usr/tmp/tmp5rtnz7og/cmake-3.31.4/Utilities/cmlibuv/include -I/data/data/com.termux/files/usr/tmp/tmp5rtnz7og/cmake-3.31.4/Utilities/cmlibuv/src/unix -I/data/data/com.termux/files/usr/tmp/tmp5rtnz7og/cmake-3.31.4/Utilities/cmlibuv/src -c /data/data/com.termux/files/usr/tmp/tmp5rtnz7og/cmake-3.31.4/Utilities/cmlibuv/src/unix/loop-watcher.c -o uv-src-unix-loop-watcher.c.o                                                                         gcc    -D_FILE_OFFSET_BITS=64    -DCMAKE_BOOTSTRAP   -I/data/data/com.termux/files/usr/tmp/tmp5rtnz7og/cmake-3.31.4/Bootstrap.cmk   -I/data/data/com.termux/files/usr/tmp/tmp5rtnz7og/cmake-3.31.4/Source   -I/data/data/com.termux/files/usr/tmp/tmp5rtnz7og/cmake-3.31.4/Source/LexerParser   -I/data/data/com.termux/files/usr/tmp/tmp5rtnz7og/cmake-3.31.4/Utilities  -D_GNU_SOURCE -I/data/data/com.termux/files/usr/tmp/tmp5rtnz7og/cmake-3.31.4/Utilities/cmlibuv/include -I/data/data/com.termux/files/usr/tmp/tmp5rtnz7og/cmake-3.31.4/Utilities/cmlibuv/src/unix -I/data/data/com.termux/files/usr/tmp/tmp5rtnz7og/cmake-3.31.4/Utilities/cmlibuv/src -c /data/data/com.termux/files/usr/tmp/tmp5rtnz7og/cmake-3.31.4/Utilities/cmlibuv/src/unix/no-fsevents.c -o uv-src-unix-no-fsevents.c.o                         gcc    -D_FILE_OFFSET_BITS=64    -DCMAKE_BOOTSTRAP   -I/data/data/com.termux/files/usr/tmp/tmp5rtnz7og/cmake-3.31.4/Bootstrap.cmk   -I/data/data/com.termux/files/usr/tmp/tmp5rtnz7og/cmake-3.31.4/Source   -I/data/data/com.termux/files/usr/tmp/tmp5rtnz7og/cmake-3.31.4/Source/LexerParser   -I/data/data/com.termux/files/usr/tmp/tmp5rtnz7og/cmake-3.31.4/Utilities  -D_GNU_SOURCE -I/data/data/com.termux/files/usr/tmp/tmp5rtnz7og/cmake-3.31.4/Utilities/cmlibuv/include -I/data/data/com.termux/files/usr/tmp/tmp5rtnz7og/cmake-3.31.4/Utilities/cmlibuv/src/unix -I/data/data/com.termux/files/usr/tmp/tmp5rtnz7og/cmake-3.31.4/Utilities/cmlibuv/src -c /data/data/com.termux/files/usr/tmp/tmp5rtnz7og/cmake-3.31.4/Utilities/cmlibuv/src/unix/pipe.c -o uv-src-unix-pipe.c.o                                       gcc    -D_FILE_OFFSET_BITS=64    -DCMAKE_BOOTSTRAP   -I/data/data/com.termux/files/usr/tmp/tmp5rtnz7og/cmake-3.31.4/Bootstrap.cmk   -I/data/data/com.termux/files/usr/tmp/tmp5rtnz7og/cmake-3.31.4/Source   -I/data/data/com.termux/files/usr/tmp/tmp5rtnz7og/cmake-3.31.4/Source/LexerParser   -I/data/data/com.termux/files/usr/tmp/tmp5rtnz7og/cmake-3.31.4/Utilities  -D_GNU_SOURCE -I/data/data/com.termux/files/usr/tmp/tmp5rtnz7og/cmake-3.31.4/Utilities/cmlibuv/include -I/data/data/com.termux/files/usr/tmp/tmp5rtnz7og/cmake-3.31.4/Utilities/cmlibuv/src/unix -I/data/data/com.termux/files/usr/tmp/tmp5rtnz7og/cmake-3.31.4/Utilities/cmlibuv/src -c /data/data/com.termux/files/usr/tmp/tmp5rtnz7og/cmake-3.31.4/Utilities/cmlibuv/src/unix/poll.c -o uv-src-unix-poll.c.o                                       gcc    -D_FILE_OFFSET_BITS=64    -DCMAKE_BOOTSTRAP   -I/data/data/com.termux/files/usr/tmp/tmp5rtnz7og/cmake-3.31.4/Bootstrap.cmk   -I/data/data/com.termux/files/usr/tmp/tmp5rtnz7og/cmake-3.31.4/Source   -I/data/data/com.termux/files/usr/tmp/tmp5rtnz7og/cmake-3.31.4/Source/LexerParser   -I/data/data/com.termux/files/usr/tmp/tmp5rtnz7og/cmake-3.31.4/Utilities  -D_GNU_SOURCE -I/data/data/com.termux/files/usr/tmp/tmp5rtnz7og/cmake-3.31.4/Utilities/cmlibuv/include -I/data/data/com.termux/files/usr/tmp/tmp5rtnz7og/cmake-3.31.4/Utilities/cmlibuv/src/unix -I/data/data/com.termux/files/usr/tmp/tmp5rtnz7og/cmake-3.31.4/Utilities/cmlibuv/src -c /data/data/com.termux/files/usr/tmp/tmp5rtnz7og/cmake-3.31.4/Utilities/cmlibuv/src/unix/posix-hrtime.c -o uv-src-unix-posix-hrtime.c.o                                                                         gcc    -D_FILE_OFFSET_BITS=64    -DCMAKE_BOOTSTRAP   -I/data/data/com.termux/files/usr/tmp/tmp5rtnz7og/cmake-3.31.4/Bootstrap.cmk   -I/data/data/com.termux/files/usr/tmp/tmp5rtnz7og/cmake-3.31.4/Source   -I/data/data/com.termux/files/usr/tmp/tmp5rtnz7og/cmake-3.31.4/Source/LexerParser   -I/data/data/com.termux/files/usr/tmp/tmp5rtnz7og/cmake-3.31.4/Utilities  -D_GNU_SOURCE -I/data/data/com.termux/files/usr/tmp/tmp5rtnz7og/cmake-3.31.4/Utilities/cmlibuv/include -I/data/data/com.termux/files/usr/tmp/tmp5rtnz7og/cmake-3.31.4/Utilities/cmlibuv/src/unix -I/data/data/com.termux/files/usr/tmp/tmp5rtnz7og/cmake-3.31.4/Utilities/cmlibuv/src -c /data/data/com.termux/files/usr/tmp/tmp5rtnz7og/cmake-3.31.4/Utilities/cmlibuv/src/unix/posix-poll.c -o uv-src-unix-posix-poll.c.o                           gcc    -D_FILE_OFFSET_BITS=64    -DCMAKE_BOOTSTRAP   -I/data/data/com.termux/files/usr/tmp/tmp5rtnz7og/cmake-3.31.4/Bootstrap.cmk   -I/data/data/com.termux/files/usr/tmp/tmp5rtnz7og/cmake-3.31.4/Source   -I/data/data/com.termux/files/usr/tmp/tmp5rtnz7og/cmake-3.31.4/Source/LexerParser   -I/data/data/com.termux/files/usr/tmp/tmp5rtnz7og/cmake-3.31.4/Utilities  -D_GNU_SOURCE -I/data/data/com.termux/files/usr/tmp/tmp5rtnz7og/cmake-3.31.4/Utilities/cmlibuv/include -I/data/data/com.termux/files/usr/tmp/tmp5rtnz7og/cmake-3.31.4/Utilities/cmlibuv/src/unix -I/data/data/com.termux/files/usr/tmp/tmp5rtnz7og/cmake-3.31.4/Utilities/cmlibuv/src -c /data/data/com.termux/files/usr/tmp/tmp5rtnz7og/cmake-3.31.4/Utilities/cmlibuv/src/unix/process.c -o uv-src-unix-process.c.o                                 gcc    -D_FILE_OFFSET_BITS=64    -DCMAKE_BOOTSTRAP   -I/data/data/com.termux/files/usr/tmp/tmp5rtnz7og/cmake-3.31.4/Bootstrap.cmk   -I/data/data/com.termux/files/usr/tmp/tmp5rtnz7og/cmake-3.31.4/Source   -I/data/data/com.termux/files/usr/tmp/tmp5rtnz7og/cmake-3.31.4/Source/LexerParser   -I/data/data/com.termux/files/usr/tmp/tmp5rtnz7og/cmake-3.31.4/Utilities  -D_GNU_SOURCE -I/data/data/com.termux/files/usr/tmp/tmp5rtnz7og/cmake-3.31.4/Utilities/cmlibuv/include -I/data/data/com.termux/files/usr/tmp/tmp5rtnz7og/cmake-3.31.4/Utilities/cmlibuv/src/unix -I/data/data/com.termux/files/usr/tmp/tmp5rtnz7og/cmake-3.31.4/Utilities/cmlibuv/src -c /data/data/com.termux/files/usr/tmp/tmp5rtnz7og/cmake-3.31.4/Utilities/cmlibuv/src/unix/signal.c -o uv-src-unix-signal.c.o                                   gcc    -D_FILE_OFFSET_BITS=64    -DCMAKE_BOOTSTRAP   -I/data/data/com.termux/files/usr/tmp/tmp5rtnz7og/cmake-3.31.4/Bootstrap.cmk   -I/data/data/com.termux/files/usr/tmp/tmp5rtnz7og/cmake-3.31.4/Source   -I/data/data/com.termux/files/usr/tmp/tmp5rtnz7og/cmake-3.31.4/Source/LexerParser   -I/data/data/com.termux/files/usr/tmp/tmp5rtnz7og/cmake-3.31.4/Utilities  -D_GNU_SOURCE -I/data/data/com.termux/files/usr/tmp/tmp5rtnz7og/cmake-3.31.4/Utilities/cmlibuv/include -I/data/data/com.termux/files/usr/tmp/tmp5rtnz7og/cmake-3.31.4/Utilities/cmlibuv/src/unix -I/data/data/com.termux/files/usr/tmp/tmp5rtnz7og/cmake-3.31.4/Utilities/cmlibuv/src -c /data/data/com.termux/files/usr/tmp/tmp5rtnz7og/cmake-3.31.4/Utilities/cmlibuv/src/unix/stream.c -o uv-src-unix-stream.c.o                                   gcc    -D_FILE_OFFSET_BITS=64    -DCMAKE_BOOTSTRAP   -I/data/data/com.termux/files/usr/tmp/tmp5rtnz7og/cmake-3.31.4/Bootstrap.cmk   -I/data/data/com.termux/files/usr/tmp/tmp5rtnz7og/cmake-3.31.4/Source   -I/data/data/com.termux/files/usr/tmp/tmp5rtnz7og/cmake-3.31.4/Source/LexerParser   -I/data/data/com.termux/files/usr/tmp/tmp5rtnz7og/cmake-3.31.4/Utilities  -D_GNU_SOURCE -I/data/data/com.termux/files/usr/tmp/tmp5rtnz7og/cmake-3.31.4/Utilities/cmlibuv/include -I/data/data/com.termux/files/usr/tmp/tmp5rtnz7og/cmake-3.31.4/Utilities/cmlibuv/src/unix -I/data/data/com.termux/files/usr/tmp/tmp5rtnz7og/cmake-3.31.4/Utilities/cmlibuv/src -c /data/data/com.termux/files/usr/tmp/tmp5rtnz7og/cmake-3.31.4/Utilities/cmlibuv/src/unix/tcp.c -o uv-src-unix-tcp.c.o                                         gcc    -D_FILE_OFFSET_BITS=64    -DCMAKE_BOOTSTRAP   -I/data/data/com.termux/files/usr/tmp/tmp5rtnz7og/cmake-3.31.4/Bootstrap.cmk   -I/data/data/com.termux/files/usr/tmp/tmp5rtnz7og/cmake-3.31.4/Source   -I/data/data/com.termux/files/usr/tmp/tmp5rtnz7og/cmake-3.31.4/Source/LexerParser   -I/data/data/com.termux/files/usr/tmp/tmp5rtnz7og/cmake-3.31.4/Utilities  -D_GNU_SOURCE -I/data/data/com.termux/files/usr/tmp/tmp5rtnz7og/cmake-3.31.4/Utilities/cmlibuv/include -I/data/data/com.termux/files/usr/tmp/tmp5rtnz7og/cmake-3.31.4/Utilities/cmlibuv/src/unix -I/data/data/com.termux/files/usr/tmp/tmp5rtnz7og/cmake-3.31.4/Utilities/cmlibuv/src -c /data/data/com.termux/files/usr/tmp/tmp5rtnz7og/cmake-3.31.4/Utilities/cmlibuv/src/unix/tty.c -o uv-src-unix-tty.c.o                                         gcc    -D_FILE_OFFSET_BITS=64    -DCMAKE_BOOTSTRAP   -I/data/data/com.termux/files/usr/tmp/tmp5rtnz7og/cmake-3.31.4/Bootstrap.cmk   -I/data/data/com.termux/files/usr/tmp/tmp5rtnz7og/cmake-3.31.4/Source   -I/data/data/com.termux/files/usr/tmp/tmp5rtnz7og/cmake-3.31.4/Source/LexerParser   -I/data/data/com.termux/files/usr/tmp/tmp5rtnz7og/cmake-3.31.4/Utilities -DNO_IMPORT_EXPORT -c /data/data/com.termux/files/usr/tmp/tmp5rtnz7og/cmake-3.31.4/Utilities/cmlibrhash/librhash/algorithms.c -o rhash-librhash-algorithms.c.o                               gcc    -D_FILE_OFFSET_BITS=64    -DCMAKE_BOOTSTRAP   -I/data/data/com.termux/files/usr/tmp/tmp5rtnz7og/cmake-3.31.4/Bootstrap.cmk   -I/data/data/com.termux/files/usr/tmp/tmp5rtnz7og/cmake-3.31.4/Source   -I/data/data/com.termux/files/usr/tmp/tmp5rtnz7og/cmake-3.31.4/Source/LexerParser   -I/data/data/com.termux/files/usr/tmp/tmp5rtnz7og/cmake-3.31.4/Utilities -DNO_IMPORT_EXPORT -c /data/data/com.termux/files/usr/tmp/tmp5rtnz7og/cmake-3.31.4/Utilities/cmlibrhash/librhash/byte_order.c -o rhash-librhash-byte_order.c.o                               gcc    -D_FILE_OFFSET_BITS=64    -DCMAKE_BOOTSTRAP   -I/data/data/com.termux/files/usr/tmp/tmp5rtnz7og/cmake-3.31.4/Bootstrap.cmk   -I/data/data/com.termux/files/usr/tmp/tmp5rtnz7og/cmake-3.31.4/Source   -I/data/data/com.termux/files/usr/tmp/tmp5rtnz7og/cmake-3.31.4/Source/LexerParser   -I/data/data/com.termux/files/usr/tmp/tmp5rtnz7og/cmake-3.31.4/Utilities -DNO_IMPORT_EXPORT -c /data/data/com.termux/files/usr/tmp/tmp5rtnz7og/cmake-3.31.4/Utilities/cmlibrhash/librhash/hex.c -o rhash-librhash-hex.c.o                                             gcc    -D_FILE_OFFSET_BITS=64    -DCMAKE_BOOTSTRAP   -I/data/data/com.termux/files/usr/tmp/tmp5rtnz7og/cmake-3.31.4/Bootstrap.cmk   -I/data/data/com.termux/files/usr/tmp/tmp5rtnz7og/cmake-3.31.4/Source   -I/data/data/com.termux/files/usr/tmp/tmp5rtnz7og/cmake-3.31.4/Source/LexerParser   -I/data/data/com.termux/files/usr/tmp/tmp5rtnz7og/cmake-3.31.4/Utilities -DNO_IMPORT_EXPORT -c /data/data/com.termux/files/usr/tmp/tmp5rtnz7og/cmake-3.31.4/Utilities/cmlibrhash/librhash/md5.c -o rhash-librhash-md5.c.o                                             gcc    -D_FILE_OFFSET_BITS=64    -DCMAKE_BOOTSTRAP   -I/data/data/com.termux/files/usr/tmp/tmp5rtnz7og/cmake-3.31.4/Bootstrap.cmk   -I/data/data/com.termux/files/usr/tmp/tmp5rtnz7og/cmake-3.31.4/Source   -I/data/data/com.termux/files/usr/tmp/tmp5rtnz7og/cmake-3.31.4/Source/LexerParser   -I/data/data/com.termux/files/usr/tmp/tmp5rtnz7og/cmake-3.31.4/Utilities -DNO_IMPORT_EXPORT -c /data/data/com.termux/files/usr/tmp/tmp5rtnz7og/cmake-3.31.4/Utilities/cmlibrhash/librhash/rhash.c -o rhash-librhash-rhash.c.o                                         gcc    -D_FILE_OFFSET_BITS=64    -DCMAKE_BOOTSTRAP   -I/data/data/com.termux/files/usr/tmp/tmp5rtnz7og/cmake-3.31.4/Bootstrap.cmk   -I/data/data/com.termux/files/usr/tmp/tmp5rtnz7og/cmake-3.31.4/Source   -I/data/data/com.termux/files/usr/tmp/tmp5rtnz7og/cmake-3.31.4/Source/LexerParser   -I/data/data/com.termux/files/usr/tmp/tmp5rtnz7og/cmake-3.31.4/Utilities -DNO_IMPORT_EXPORT -c /data/data/com.termux/files/usr/tmp/tmp5rtnz7og/cmake-3.31.4/Utilities/cmlibrhash/librhash/sha1.c -o rhash-librhash-sha1.c.o                                           gcc    -D_FILE_OFFSET_BITS=64    -DCMAKE_BOOTSTRAP   -I/data/data/com.termux/files/usr/tmp/tmp5rtnz7og/cmake-3.31.4/Bootstrap.cmk   -I/data/data/com.termux/files/usr/tmp/tmp5rtnz7og/cmake-3.31.4/Source   -I/data/data/com.termux/files/usr/tmp/tmp5rtnz7og/cmake-3.31.4/Source/LexerParser   -I/data/data/com.termux/files/usr/tmp/tmp5rtnz7og/cmake-3.31.4/Utilities -DNO_IMPORT_EXPORT -c /data/data/com.termux/files/usr/tmp/tmp5rtnz7og/cmake-3.31.4/Utilities/cmlibrhash/librhash/sha256.c -o rhash-librhash-sha256.c.o                                       gcc    -D_FILE_OFFSET_BITS=64    -DCMAKE_BOOTSTRAP   -I/data/data/com.termux/files/usr/tmp/tmp5rtnz7og/cmake-3.31.4/Bootstrap.cmk   -I/data/data/com.termux/files/usr/tmp/tmp5rtnz7og/cmake-3.31.4/Source   -I/data/data/com.termux/files/usr/tmp/tmp5rtnz7og/cmake-3.31.4/Source/LexerParser   -I/data/data/com.termux/files/usr/tmp/tmp5rtnz7og/cmake-3.31.4/Utilities -DNO_IMPORT_EXPORT -c /data/data/com.termux/files/usr/tmp/tmp5rtnz7og/cmake-3.31.4/Utilities/cmlibrhash/librhash/sha3.c -o rhash-librhash-sha3.c.o                                           gcc    -D_FILE_OFFSET_BITS=64    -DCMAKE_BOOTSTRAP   -I/data/data/com.termux/files/usr/tmp/tmp5rtnz7og/cmake-3.31.4/Bootstrap.cmk   -I/data/data/com.termux/files/usr/tmp/tmp5rtnz7og/cmake-3.31.4/Source   -I/data/data/com.termux/files/usr/tmp/tmp5rtnz7og/cmake-3.31.4/Source/LexerParser   -I/data/data/com.termux/files/usr/tmp/tmp5rtnz7og/cmake-3.31.4/Utilities -DNO_IMPORT_EXPORT -c /data/data/com.termux/files/usr/tmp/tmp5rtnz7og/cmake-3.31.4/Utilities/cmlibrhash/librhash/sha512.c -o rhash-librhash-sha512.c.o                                       gcc    -D_FILE_OFFSET_BITS=64    -DCMAKE_BOOTSTRAP   -I/data/data/com.termux/files/usr/tmp/tmp5rtnz7og/cmake-3.31.4/Bootstrap.cmk   -I/data/data/com.termux/files/usr/tmp/tmp5rtnz7og/cmake-3.31.4/Source   -I/data/data/com.termux/files/usr/tmp/tmp5rtnz7og/cmake-3.31.4/Source/LexerParser   -I/data/data/com.termux/files/usr/tmp/tmp5rtnz7og/cmake-3.31.4/Utilities -DNO_IMPORT_EXPORT -c /data/data/com.termux/files/usr/tmp/tmp5rtnz7og/cmake-3.31.4/Utilities/cmlibrhash/librhash/util.c -o rhash-librhash-util.c.o                                           g++     -D_FILE_OFFSET_BITS=64    -DCMAKE_BOOTSTRAP    -DCMake_HAVE_CXX_MAKE_UNIQUE=1 -DCMake_HAVE_CXX_FILESYSTEM=1   -I/data/data/com.termux/files/usr/tmp/tmp5rtnz7og/cmake-3.31.4/Bootstrap.cmk   -I/data/data/com.termux/files/usr/tmp/tmp5rtnz7og/cmake-3.31.4/Source   -I/data/data/com.termux/files/usr/tmp/tmp5rtnz7og/cmake-3.31.4/Source/LexerParser   -I/data/data/com.termux/files/usr/tmp/tmp5rtnz7og/cmake-3.31.4/Utilities/std   -I/data/data/com.termux/files/usr/tmp/tmp5rtnz7og/cmake-3.31.4/Utilities  -I/data/data/com.termux/files/usr/tmp/tmp5rtnz7og/cmake-3.31.4/Utilities/cmjsoncpp/include -c /data/data/com.termux/files/usr/tmp/tmp5rtnz7og/cmake-3.31.4/Utilities/cmjsoncpp/src/lib_json/json_reader.cpp -o jsoncpp-src-lib_json-json_reader.cpp.o                                                 g++     -D_FILE_OFFSET_BITS=64    -DCMAKE_BOOTSTRAP    -DCMake_HAVE_CXX_MAKE_UNIQUE=1 -DCMake_HAVE_CXX_FILESYSTEM=1   -I/data/data/com.termux/files/usr/tmp/tmp5rtnz7og/cmake-3.31.4/Bootstrap.cmk   -I/data/data/com.termux/files/usr/tmp/tmp5rtnz7og/cmake-3.31.4/Source   -I/data/data/com.termux/files/usr/tmp/tmp5rtnz7og/cmake-3.31.4/Source/LexerParser   -I/data/data/com.termux/files/usr/tmp/tmp5rtnz7og/cmake-3.31.4/Utilities/std   -I/data/data/com.termux/files/usr/tmp/tmp5rtnz7og/cmake-3.31.4/Utilities  -I/data/data/com.termux/files/usr/tmp/tmp5rtnz7og/cmake-3.31.4/Utilities/cmjsoncpp/include -c /data/data/com.termux/files/usr/tmp/tmp5rtnz7og/cmake-3.31.4/Utilities/cmjsoncpp/src/lib_json/json_value.cpp -o jsoncpp-src-lib_json-json_value.cpp.o                                                   g++     -D_FILE_OFFSET_BITS=64    -DCMAKE_BOOTSTRAP    -DCMake_HAVE_CXX_MAKE_UNIQUE=1 -DCMake_HAVE_CXX_FILESYSTEM=1   -I/data/data/com.termux/files/usr/tmp/tmp5rtnz7og/cmake-3.31.4/Bootstrap.cmk   -I/data/data/com.termux/files/usr/tmp/tmp5rtnz7og/cmake-3.31.4/Source   -I/data/data/com.termux/files/usr/tmp/tmp5rtnz7og/cmake-3.31.4/Source/LexerParser   -I/data/data/com.termux/files/usr/tmp/tmp5rtnz7og/cmake-3.31.4/Utilities/std   -I/data/data/com.termux/files/usr/tmp/tmp5rtnz7og/cmake-3.31.4/Utilities  -I/data/data/com.termux/files/usr/tmp/tmp5rtnz7og/cmake-3.31.4/Utilities/cmjsoncpp/include -c /data/data/com.termux/files/usr/tmp/tmp5rtnz7og/cmake-3.31.4/Utilities/cmjsoncpp/src/lib_json/json_writer.cpp -o jsoncpp-src-lib_json-json_writer.cpp.o                                                 g++      -D_FILE_OFFSET_BITS=64    -DCMAKE_BOOTSTRAP    -DCMake_HAVE_CXX_MAKE_UNIQUE=1 -DCMake_HAVE_CXX_FILESYSTEM=1   -I/data/data/com.termux/files/usr/tmp/tmp5rtnz7og/cmake-3.31.4/Bootstrap.cmk   -I/data/data/com.termux/files/usr/tmp/tmp5rtnz7og/cmake-3.31.4/Source   -I/data/data/com.termux/files/usr/tmp/tmp5rtnz7og/cmake-3.31.4/Source/LexerParser   -I/data/data/com.termux/files/usr/tmp/tmp5rtnz7og/cmake-3.31.4/Utilities/std   -I/data/data/com.termux/files/usr/tmp/tmp5rtnz7og/cmake-3.31.4/Utilities  cmAddCompileDefinitionsCommand.o cmAddCustomCommandCommand.o cmAddCustomTargetCommand.o cmAddDefinitionsCommand.o cmAddDependenciesCommand.o cmAddExecutableCommand.o cmAddLibraryCommand.o cmAddSubDirectoryCommand.o cmAddTestCommand.o cmArgumentParser.o cmBinUtilsLinker.o cmBinUtilsLinuxELFGetRuntimeDependenciesTool.o cmBinUtilsLinuxELFLinker.o cmBinUtilsLinuxELFObjdumpGetRuntimeDependenciesTool.o cmBinUtilsMacOSMachOGetRuntimeDependenciesTool.o cmBinUtilsMacOSMachOLinker.o cmBinUtilsMacOSMachOOToolGetRuntimeDependenciesTool.o cmBinUtilsWindowsPEGetRuntimeDependenciesTool.o cmBinUtilsWindowsPEDumpbinGetRuntimeDependenciesTool.o cmBinUtilsWindowsPELinker.o cmBinUtilsWindowsPEObjdumpGetRuntimeDependenciesTool.o cmBlockCommand.o cmBreakCommand.o cmBuildCommand.o cmBuildDatabase.o cmCMakeLanguageCommand.o cmCMakeMinimumRequired.o cmList.o cmCMakePath.o cmCMakePathCommand.o cmCMakePolicyCommand.o cmCPackPropertiesGenerator.o cmCacheManager.o cmCommand.o cmCommandArgumentParserHelper.o cmCommands.o cmCommonTargetGenerator.o cmComputeComponentGraph.o cmComputeLinkDepends.o cmComputeLinkInformation.o cmComputeTargetDepends.o cmConsoleBuf.o cmConditionEvaluator.o cmConfigureFileCommand.o cmContinueCommand.o cmCoreTryCompile.o cmCreateTestSourceList.o cmCryptoHash.o cmCustomCommand.o cmCustomCommandGenerator.o cmCustomCommandLines.o cmCxxModuleMapper.o cmCxxModuleUsageEffects.o cmDefinePropertyCommand.o cmDefinitions.o cmDocumentationFormatter.o cmELF.o cmEnableLanguageCommand.o cmEnableTestingCommand.o cmEvaluatedTargetProperty.o cmExecProgramCommand.o cmExecuteProcessCommand.o cmExpandedCommandArgument.o cmExperimental.o cmExportBuildCMakeConfigGenerator.o cmExportBuildFileGenerator.o cmExportCMakeConfigGenerator.o cmExportFileGenerator.o cmExportInstallCMakeConfigGenerator.o cmExportInstallFileGenerator.o cmExportSet.o cmExportTryCompileFileGenerator.o cmExprParserHelper.o cmExternalMakefileProjectGenerator.o cmFileCommand.o cmFileCommand_ReadMacho.o cmFileCopier.o cmFileInstaller.o cmFileSet.o cmFileTime.o cmFileTimeCache.o cmFileTimes.o cmFindBase.o cmFindCommon.o cmFindFileCommand.o cmFindLibraryCommand.o cmFindPackageCommand.o cmFindPackageStack.o cmFindPathCommand.o cmFindProgramCommand.o cmForEachCommand.o cmFunctionBlocker.o cmFunctionCommand.o cmFSPermissions.o cmGeneratedFileStream.o cmGeneratorExpression.o cmGeneratorExpressionContext.o cmGeneratorExpressionDAGChecker.o cmGeneratorExpressionEvaluationFile.o cmGeneratorExpressionEvaluator.o cmGeneratorExpressionLexer.o cmGeneratorExpressionNode.o cmGeneratorExpressionParser.o cmGeneratorTarget.o cmGeneratorTarget_CompatibleInterface.o cmGeneratorTarget_IncludeDirectories.o cmGeneratorTarget_Link.o cmGeneratorTarget_LinkDirectories.o cmGeneratorTarget_Options.o cmGeneratorTarget_Sources.o cmGeneratorTarget_TargetPropertyEntry.o cmGeneratorTarget_TransitiveProperty.o cmGetCMakePropertyCommand.o cmGetDirectoryPropertyCommand.o cmGetFilenameComponentCommand.o cmGetPipes.o cmGetPropertyCommand.o cmGetSourceFilePropertyCommand.o cmGetTargetPropertyCommand.o cmGetTestPropertyCommand.o cmGlobalCommonGenerator.o cmGlobalGenerator.o cmGlobVerificationManager.o cmHexFileConverter.o cmIfCommand.o cmImportedCxxModuleInfo.o cmIncludeCommand.o cmIncludeGuardCommand.o cmIncludeDirectoryCommand.o cmIncludeRegularExpressionCommand.o cmInstallCMakeConfigExportGenerator.o cmInstallCommand.o cmInstallCommandArguments.o cmInstallCxxModuleBmiGenerator.o cmInstallDirectoryGenerator.o cmInstallExportGenerator.o cmInstallFileSetGenerator.o cmInstallFilesCommand.o cmInstallFilesGenerator.o cmInstallGenerator.o cmInstallGetRuntimeDependenciesGenerator.o cmInstallImportedRuntimeArtifactsGenerator.o cmInstallRuntimeDependencySet.o cmInstallRuntimeDependencySetGenerator.o cmInstallScriptGenerator.o cmInstallSubdirectoryGenerator.o cmInstallTargetGenerator.o cmInstallTargetsCommand.o cmInstalledFile.o cmJSONHelpers.o cmJSONState.o cmLDConfigLDConfigTool.o cmLDConfigTool.o cmLinkDirectoriesCommand.o cmLinkItem.o cmLinkItemGraphVisitor.o cmLinkLineComputer.o cmLinkLineDeviceComputer.o cmListCommand.o cmListFileCache.o cmLocalCommonGenerator.o cmLocalGenerator.o cmMSVC60LinkLineComputer.o cmMacroCommand.o cmMakeDirectoryCommand.o cmMakefile.o cmMarkAsAdvancedCommand.o cmMathCommand.o cmMessageCommand.o cmMessenger.o cmNewLineStyle.o cmOSXBundleGenerator.o cmOptionCommand.o cmOrderDirectories.o cmOutputConverter.o cmParseArgumentsCommand.o cmPathLabel.o cmPolicies.o cmProcessOutput.o cmProjectCommand.o cmValue.o cmPropertyDefinition.o cmPropertyMap.o cmGccDepfileLexerHelper.o cmGccDepfileReader.o cmReturnCommand.o cmPlaceholderExpander.o cmPlistParser.o cmRulePlaceholderExpander.o cmRuntimeDependencyArchive.o cmScriptGenerator.o cmSearchPath.o cmSeparateArgumentsCommand.o cmSetCommand.o cmSetDirectoryPropertiesCommand.o cmSetPropertyCommand.o cmSetSourceFilesPropertiesCommand.o cmSetTargetPropertiesCommand.o cmSetTestsPropertiesCommand.o cmSiteNameCommand.o cmSourceFile.o cmSourceFileLocation.o cmStandardLevelResolver.o cmState.o cmStateDirectory.o cmStateSnapshot.o cmString.o cmStringAlgorithms.o cmStringReplaceHelper.o cmStringCommand.o cmSubcommandTable.o cmSubdirCommand.o cmSystemTools.o cmTarget.o cmTargetCompileDefinitionsCommand.o cmTargetCompileFeaturesCommand.o cmTargetCompileOptionsCommand.o cmTargetIncludeDirectoriesCommand.o cmTargetLinkLibrariesCommand.o cmTargetLinkOptionsCommand.o cmTargetPrecompileHeadersCommand.o cmTargetPropCommandBase.o cmTargetPropertyComputer.o cmTargetSourcesCommand.o cmTargetTraceDependencies.o cmTest.o cmTestGenerator.o cmTimestamp.o cmTransformDepfile.o cmTryCompileCommand.o cmTryRunCommand.o cmUnsetCommand.o cmUVHandlePtr.o cmUVProcessChain.o cmVersion.o cmWhileCommand.o cmWindowsRegistry.o cmWorkingDirectory.o cmXcFramework.o cmake.o cmakemain.o cmcmd.o cm_fileno.o cmDepends.o cmDependsC.o cmDependsCompiler.o cmGlobalUnixMakefileGenerator3.o cmLocalUnixMakefileGenerator3.o cmMakefileExecutableTargetGenerator.o cmMakefileLibraryTargetGenerator.o cmMakefileTargetGenerator.o cmMakefileUtilityTargetGenerator.o cmProcessTools.o fs_path.o string_view.o cmCommandArgumentLexer.o cmCommandArgumentParser.o cmExprLexer.o cmExprParser.o cmGccDepfileLexer.o cmListFileLexer.o Directory.o EncodingCXX.o FStream.o Glob.o RegularExpression.o Status.o SystemTools.o EncodingC.o ProcessUNIX.o String.o System.o Terminal.o uv-src-strscpy.c.o uv-src-strtok.c.o uv-src-timer.c.o uv-src-uv-common.c.o uv-src-unix-cmake-bootstrap.c.o uv-src-unix-core.c.o uv-src-unix-fs.c.o uv-src-unix-loop.c.o uv-src-unix-loop-watcher.c.o uv-src-unix-no-fsevents.c.o uv-src-unix-pipe.c.o uv-src-unix-poll.c.o uv-src-unix-posix-hrtime.c.o uv-src-unix-posix-poll.c.o uv-src-unix-process.c.o uv-src-unix-signal.c.o uv-src-unix-stream.c.o uv-src-unix-tcp.c.o uv-src-unix-tty.c.o rhash-librhash-algorithms.c.o rhash-librhash-byte_order.c.o rhash-librhash-hex.c.o rhash-librhash-md5.c.o rhash-librhash-rhash.c.o rhash-librhash-sha1.c.o rhash-librhash-sha256.c.o rhash-librhash-sha3.c.o rhash-librhash-sha512.c.o rhash-librhash-util.c.o jsoncpp-src-lib_json-json_reader.cpp.o jsoncpp-src-lib_json-json_value.cpp.o jsoncpp-src-lib_json-json_writer.cpp.o  -ldl -lrt -o cmake                                        loading initial cache file /data/data/com.termux/files/usr/tmp/tmp5rtnz7og/cmake-3.31.4/Bootstrap.cmk/InitialCacheFlags.cmake                         -- The C compiler identification is Clang 19.1.7                                                    -- The CXX compiler identification is Clang 19.1.7                                                  -- Detecting C compiler ABI info                                                                    -- Detecting C compiler ABI info - done                                                             -- Check for working C compiler: /data/data/com.termux/files/usr/bin/gcc - skipped                                                                    -- Detecting C compile features                                                                     -- Detecting C compile features - done                                                              -- Detecting CXX compiler ABI info                                                                  -- Detecting CXX compiler ABI info - done                                                           -- Check for working CXX compiler: /data/data/com.termux/files/usr/bin/g++ - skipped                                                                  -- Detecting CXX compile features                                                                   -- Detecting CXX compile features - done                                                            -- Checking if compiler supports needed C++17 constructs                                            -- Checking if compiler supports needed C++17 constructs - yes                                      -- Checking if compiler supports C++ make_unique                                                    -- Checking if compiler supports C++ make_unique - yes                                              -- Checking if compiler supports C++ filesystem                                                     -- Checking if compiler supports C++ filesystem - yes                                               -- Looking for unsetenv                           -- Looking for unsetenv - found                                                                     -- Looking for environ                            -- Looking for environ - not found                                                                  -- Performing Test CMAKE_HAVE_LIBC_PTHREAD                                                          -- Performing Test CMAKE_HAVE_LIBC_PTHREAD - Failed                                                 -- Looking for pthread_create in pthreads                                                           -- Looking for pthread_create in pthreads - not found                                               -- Looking for pthread_create in pthread                                                            -- Looking for pthread_create in pthread - found                                                    -- Found Threads: TRUE                            -- Checking whether wstring is available                                                            -- Checking whether wstring is available - yes                                                      -- Checking whether C compiler has ptrdiff_t in stddef.h                                            -- Checking whether C compiler has ptrdiff_t in stddef.h - yes                                      -- Checking whether C compiler has ssize_t in unistd.h                                              -- Checking whether C compiler has ssize_t in unistd.h - yes                                        -- Checking whether C compiler has clock_gettime                                                    -- Checking whether C compiler has clock_gettime - yes                                              -- Checking whether CXX compiler has setenv                                                         -- Checking whether CXX compiler has setenv - yes                                                   -- Checking whether CXX compiler has unsetenv                                                       -- Checking whether CXX compiler has unsetenv - yes                                                 -- Checking whether CXX compiler has environ in stdlib.h                                            -- Checking whether CXX compiler has environ in stdlib.h - no                                       -- Checking whether CXX compiler has utimes                                                         -- Checking whether CXX compiler has utimes - yes                                                   -- Checking whether CXX compiler has utimensat                                                      -- Checking whether CXX compiler has utimensat - yes                                                -- Checking whether CXX compiler struct stat has st_mtim member                                     -- Checking whether CXX compiler struct stat has st_mtim member - yes                               -- Checking whether CXX compiler struct stat has st_mtimespec member                                -- Checking whether CXX compiler struct stat has st_mtimespec member - no                           -- Looking for include files sys/types.h, ifaddrs.h                                                 -- Looking for include files sys/types.h, ifaddrs.h - found                                         -- Checking whether CXX compiler has rlimit64                                                       -- Checking whether CXX compiler has rlimit64 - yes                                                 -- Looking for C++ include execinfo.h                                                               -- Looking for C++ include execinfo.h - found                                                       -- Checking whether backtrace works with this C++ compiler                                          -- Checking whether backtrace works with this C++ compiler - yes                                    -- Looking for C++ include dlfcn.h                                                                  -- Looking for C++ include dlfcn.h - found                                                          -- Checking whether dladdr works with this C++ compiler                                             -- Checking whether dladdr works with this C++ compiler - yes                                       -- Looking for C++ include cxxabi.h                                                                 -- Looking for C++ include cxxabi.h - found                                                         -- Checking whether cxxabi works with this C++ compiler                                             -- Checking whether cxxabi works with this C++ compiler - yes                                       -- Checking whether CXX compiler has getloadavg                                                     -- Checking whether CXX compiler has getloadavg - no                                                -- Checking whether <ext/stdio_filebuf.h> is available                                              -- Checking whether <ext/stdio_filebuf.h> is available - no                                         -- Performing Test HAVE_SOCKADDR_IN6_SIN6_ADDR                                                      -- Performing Test HAVE_SOCKADDR_IN6_SIN6_ADDR - Success                                            -- Performing Test HAVE_SOCKADDR_IN6_SIN6_SCOPE_ID                                                  -- Performing Test HAVE_SOCKADDR_IN6_SIN6_SCOPE_ID - Success                                        -- Looking for connect in socket                                                                    -- Looking for connect in socket - not found                                                        -- Looking for gethostname                        -- Looking for gethostname - found                                                                  -- Found ZLIB: cmzlib                             -- Found NGHTTP2: /data/data/com.termux/files/usr/tmp/tmp5rtnz7og/cmake-3.31.4/Utilities/cmnghttp2/lib/includes (found version "1.52.0")                                                                -- Looking for include file sys/eventfd.h                                                           -- Looking for include file sys/eventfd.h - found                                                   -- Looking for include files sys/eventfd.h, sys/filio.h                                             -- Looking for include files sys/eventfd.h, sys/filio.h - not found                                 -- Looking for include files sys/eventfd.h, sys/wait.h                                              -- Looking for include files sys/eventfd.h, sys/wait.h - found                                      -- Looking for 3 include files sys/eventfd.h, ..., sys/ioctl.h                                      -- Looking for 3 include files sys/eventfd.h, ..., sys/ioctl.h - found                              -- Looking for 4 include files sys/eventfd.h, ..., sys/param.h                                      -- Looking for 4 include files sys/eventfd.h, ..., sys/param.h - found                              -- Looking for 5 include files sys/eventfd.h, ..., sys/poll.h                                       -- Looking for 5 include files sys/eventfd.h, ..., sys/poll.h - found                               -- Looking for 6 include files sys/eventfd.h, ..., sys/resource.h                                   -- Looking for 6 include files sys/eventfd.h, ..., sys/resource.h - found                           -- Looking for 7 include files sys/eventfd.h, ..., sys/select.h                                     -- Looking for 7 include files sys/eventfd.h, ..., sys/select.h - found                             -- Looking for 8 include files sys/eventfd.h, ..., sys/socket.h                                     -- Looking for 8 include files sys/eventfd.h, ..., sys/socket.h - found                             -- Looking for 9 include files sys/eventfd.h, ..., sys/sockio.h                                     -- Looking for 9 include files sys/eventfd.h, ..., sys/sockio.h - not found                         -- Looking for 9 include files sys/eventfd.h, ..., sys/stat.h                                       -- Looking for 9 include files sys/eventfd.h, ..., sys/stat.h - found                               -- Looking for 10 include files sys/eventfd.h, ..., sys/time.h                                      -- Looking for 10 include files sys/eventfd.h, ..., sys/time.h - found                              -- Looking for 11 include files sys/eventfd.h, ..., sys/types.h                                     -- Looking for 11 include files sys/eventfd.h, ..., sys/types.h - found                             -- Looking for 12 include files sys/eventfd.h, ..., sys/un.h                                        -- Looking for 12 include files sys/eventfd.h, ..., sys/un.h - found                                -- Looking for 13 include files sys/eventfd.h, ..., sys/utime.h                                     -- Looking for 13 include files sys/eventfd.h, ..., sys/utime.h - not found                         -- Looking for 13 include files sys/eventfd.h, ..., sys/xattr.h                                     -- Looking for 13 include files sys/eventfd.h, ..., sys/xattr.h - found                             -- Looking for 14 include files sys/eventfd.h, ..., arpa/inet.h                                     -- Looking for 14 include files sys/eventfd.h, ..., arpa/inet.h - found                             -- Looking for 15 include files sys/eventfd.h, ..., dirent.h                                        -- Looking for 15 include files sys/eventfd.h, ..., dirent.h - found                                -- Looking for 16 include files sys/eventfd.h, ..., fcntl.h                                         -- Looking for 16 include files sys/eventfd.h, ..., fcntl.h - found                                 -- Looking for 17 include files sys/eventfd.h, ..., ifaddrs.h                                       -- Looking for 17 include files sys/eventfd.h, ..., ifaddrs.h - found                               -- Looking for 18 include files sys/eventfd.h, ..., io.h                                            -- Looking for 18 include files sys/eventfd.h, ..., io.h - not found                                -- Looking for 18 include files sys/eventfd.h, ..., libgen.h                                        -- Looking for 18 include files sys/eventfd.h, ..., libgen.h - found                                -- Looking for 20 include files sys/eventfd.h, ..., net/if.h                                        -- Looking for 20 include files sys/eventfd.h, ..., net/if.h - found                                -- Looking for 21 include files sys/eventfd.h, ..., netdb.h                                         -- Looking for 21 include files sys/eventfd.h, ..., netdb.h - found                                 -- Looking for 22 include files sys/eventfd.h, ..., netinet/in.h                                    -- Looking for 22 include files sys/eventfd.h, ..., netinet/in.h - found                            -- Looking for 23 include files sys/eventfd.h, ..., netinet/tcp.h                                   -- Looking for 23 include files sys/eventfd.h, ..., netinet/tcp.h - found                           -- Looking for 24 include files sys/eventfd.h, ..., netinet/udp.h                                   -- Looking for 24 include files sys/eventfd.h, ..., netinet/udp.h - found                           -- Looking for linux/tcp.h                        -- Looking for linux/tcp.h - found                                                                  -- Looking for 25 include files sys/eventfd.h, ..., poll.h                                          -- Looking for 25 include files sys/eventfd.h, ..., poll.h - found                                  -- Looking for 26 include files sys/eventfd.h, ..., pwd.h                                           -- Looking for 26 include files sys/eventfd.h, ..., pwd.h - found                                   -- Looking for 27 include files sys/eventfd.h, ..., stdbool.h                                       -- Looking for 27 include files sys/eventfd.h, ..., stdbool.h - found                               -- Looking for 28 include files sys/eventfd.h, ..., strings.h                                       -- Looking for 28 include files sys/eventfd.h, ..., strings.h - found                               -- Looking for 29 include files sys/eventfd.h, ..., stropts.h                                       -- Looking for 29 include files sys/eventfd.h, ..., stropts.h - not found                           -- Looking for 29 include files sys/eventfd.h, ..., termio.h                                        -- Looking for 29 include files sys/eventfd.h, ..., termio.h - found                                -- Looking for 30 include files sys/eventfd.h, ..., termios.h                                       -- Looking for 30 include files sys/eventfd.h, ..., termios.h - found                               -- Looking for 31 include files sys/eventfd.h, ..., unistd.h                                        -- Looking for 31 include files sys/eventfd.h, ..., unistd.h - found                                -- Looking for 32 include files sys/eventfd.h, ..., utime.h                                         -- Looking for 32 include files sys/eventfd.h, ..., utime.h - found                                 -- Looking for stdint.h                           -- Looking for stdint.h - found                                                                     -- Check size of size_t                           -- Check size of size_t - done                                                                      -- Check size of ssize_t                          -- Check size of ssize_t - done                                                                     -- Check size of time_t                           -- Check size of time_t - done                                                                      -- Check size of suseconds_t                                                                        -- Check size of suseconds_t - done                                                                 -- Looking for fnmatch                            -- Looking for fnmatch - found                                                                      -- Looking for basename                           -- Looking for basename - found                                                                     -- Looking for opendir                            -- Looking for opendir - found                                                                      -- Looking for socket                             -- Looking for socket - found                                                                       -- Looking for sched_yield                        -- Looking for sched_yield - found                                                                  -- Looking for socketpair                         -- Looking for socketpair - found                                                                   -- Looking for sendmsg                            -- Looking for sendmsg - found                                                                      -- Looking for select                             -- Looking for select - found                                                                       -- Looking for strtok_r                           -- Looking for strtok_r - found                                                                     -- Looking for stricmp                            -- Looking for stricmp - not found                                                                  -- Looking for strcmpi                            -- Looking for strcmpi - not found                                                                  -- Looking for memrchr                            -- Looking for memrchr - found                                                                      -- Looking for alarm                              -- Looking for alarm - found                                                                        -- Looking for arc4random                         -- Looking for arc4random - found                                                                   -- Looking for fcntl                              -- Looking for fcntl - found                                                                        -- Looking for getppid                            -- Looking for getppid - found                                                                      -- Looking for utimes                             -- Looking for utimes - found                                                                       -- Looking for gettimeofday                                                                         -- Looking for gettimeofday - found                                                                 -- Looking for closesocket                        -- Looking for closesocket - not found                                                              -- Looking for sigsetjmp                          -- Looking for sigsetjmp - found                                                                    -- Looking for getpass_r                          -- Looking for getpass_r - not found                                                                -- Looking for getpwuid                           -- Looking for getpwuid - found                                                                     -- Looking for getpwuid_r                         -- Looking for getpwuid_r - found                                                                   -- Looking for geteuid                            -- Looking for geteuid - found                                                                      -- Looking for utime                              -- Looking for utime - found                                                                        -- Looking for gmtime_r                           -- Looking for gmtime_r - found                                                                     -- Looking for gethostbyname_r                                                                      -- Looking for gethostbyname_r - found                                                              -- Looking for signal                             -- Looking for signal - found                                                                       -- Looking for strtoll                            -- Looking for strtoll - found                                                                      -- Looking for strerror_r                         -- Looking for strerror_r - found                                                                   -- Looking for sigaction                          -- Looking for sigaction - found                                                                    -- Looking for siginterrupt                                                                         -- Looking for siginterrupt - found                                                                 -- Looking for getaddrinfo                        -- Looking for getaddrinfo - found                                                                  -- Looking for getifaddrs                         -- Looking for getifaddrs - found                                                                   -- Looking for freeaddrinfo                                                                         -- Looking for freeaddrinfo - found                                                                 -- Looking for pipe                               -- Looking for pipe - found                                                                         -- Looking for eventfd                            -- Looking for eventfd - found                                                                      -- Looking for ftruncate                          -- Looking for ftruncate - found                                                                    -- Looking for _fseeki64                          -- Looking for _fseeki64 - not found                                                                -- Looking for getpeername                        -- Looking for getpeername - found                                                                  -- Looking for getsockname                        -- Looking for getsockname - found                                                                  -- Looking for if_nametoindex                                                                       -- Looking for if_nametoindex - found                                                               -- Looking for getrlimit                          -- Looking for getrlimit - found                                                                    -- Looking for setmode                            -- Looking for setmode - not found                                                                  -- Looking for setrlimit                          -- Looking for setrlimit - found                                                                    -- Looking for mach_absolute_time                                                                   -- Looking for mach_absolute_time - not found                                                       -- Looking for inet_ntop                          -- Looking for inet_ntop - found                                                                    -- Looking for inet_pton                          -- Looking for inet_pton - found                                                                    -- Looking for fsetxattr                          -- Looking for fsetxattr - found                                                                    -- Performing Test HAVE_FSETXATTR_5                                                                 -- Performing Test HAVE_FSETXATTR_5 - Success                                                       -- Performing Test HAVE_FSETXATTR_6                                                                 -- Performing Test HAVE_FSETXATTR_6 - Failed                                                        -- Check size of sa_family_t                                                                        -- Check size of sa_family_t - done                                                                 -- Performing Test HAVE_FCNTL_O_NONBLOCK                                                            -- Performing Test HAVE_FCNTL_O_NONBLOCK - Success                                                  -- Performing Test HAVE_IOCTLSOCKET                                                                 -- Performing Test HAVE_IOCTLSOCKET - Failed                                                        -- Performing Test HAVE_IOCTLSOCKET_CAMEL                                                           -- Performing Test HAVE_IOCTLSOCKET_CAMEL - Failed                                                  -- Performing Test HAVE_IOCTLSOCKET_CAMEL_FIONBIO                                                   -- Performing Test HAVE_IOCTLSOCKET_CAMEL_FIONBIO - Failed                                          -- Performing Test HAVE_IOCTLSOCKET_FIONBIO                                                         -- Performing Test HAVE_IOCTLSOCKET_FIONBIO - Failed                                                -- Performing Test HAVE_IOCTL_FIONBIO                                                               -- Performing Test HAVE_IOCTL_FIONBIO - Success                                                     -- Performing Test HAVE_IOCTL_SIOCGIFADDR                                                           -- Performing Test HAVE_IOCTL_SIOCGIFADDR - Success                                                 -- Performing Test HAVE_SETSOCKOPT_SO_NONBLOCK                                                      -- Performing Test HAVE_SETSOCKOPT_SO_NONBLOCK - Failed                                             -- Performing Test HAVE_O_NONBLOCK                                                                  -- Performing Test HAVE_O_NONBLOCK - Failed                                                         -- Performing Test HAVE_GETHOSTBYNAME_R_3                                                           -- Performing Test HAVE_GETHOSTBYNAME_R_3 - Failed                                                  -- Performing Test HAVE_GETHOSTBYNAME_R_5                                                           -- Performing Test HAVE_GETHOSTBYNAME_R_5 - Failed                                                  -- Performing Test HAVE_GETHOSTBYNAME_R_6                                                           -- Performing Test HAVE_GETHOSTBYNAME_R_6 - Success                                                 -- Performing Test HAVE_GETHOSTBYNAME_R_3_REENTRANT                                                 -- Performing Test HAVE_GETHOSTBYNAME_R_3_REENTRANT - Failed                                        -- Performing Test HAVE_GETHOSTBYNAME_R_5_REENTRANT                                                 -- Performing Test HAVE_GETHOSTBYNAME_R_5_REENTRANT - Failed                                        -- Performing Test HAVE_GETHOSTBYNAME_R_6_REENTRANT                                                 -- Performing Test HAVE_GETHOSTBYNAME_R_6_REENTRANT - Success                                       -- Performing Test HAVE_IN_ADDR_T                                                                   -- Performing Test HAVE_IN_ADDR_T - Success                                                         -- Performing Test HAVE_BOOL_T                                                                      -- Performing Test HAVE_BOOL_T - Success                                                            -- Performing Test STDC_HEADERS                                                                     -- Performing Test STDC_HEADERS - Success                                                           -- Performing Test HAVE_FILE_OFFSET_BITS                                                            -- Performing Test HAVE_FILE_OFFSET_BITS - Success                                                  -- Check size of off_t                            -- Check size of off_t - done                                                                       -- Looking for fseeko                             -- Looking for fseeko - found                                                                       -- Check size of curl_off_t                                                                         -- Check size of curl_off_t - done                                                                  -- Check size of curl_socket_t                                                                      -- Check size of curl_socket_t - done                                                               -- Performing Test HAVE_GLIBC_STRERROR_R                                                            -- Performing Test HAVE_GLIBC_STRERROR_R - Failed                                                   -- Performing Test HAVE_POSIX_STRERROR_R                                                            -- Performing Test HAVE_POSIX_STRERROR_R - Success                                                  -- Performing Test HAVE_CLOCK_GETTIME_MONOTONIC                                                     -- Performing Test HAVE_CLOCK_GETTIME_MONOTONIC - Success                                           -- Check size of struct sockaddr_storage                                                            -- Check size of struct sockaddr_storage - done                                                     -- Performing Test HAVE_MSG_NOSIGNAL                                                                -- Performing Test HAVE_MSG_NOSIGNAL - Success                                                      -- Performing Test HAVE_STRUCT_TIMEVAL                                                              -- Performing Test HAVE_STRUCT_TIMEVAL - Success                                                    -- Performing Test HAVE_POLL_FINE                                                                   -- Performing Test HAVE_POLL_FINE - Success                                                         -- Performing Test HAVE_H_ERRNO                                                                     -- Performing Test HAVE_H_ERRNO - Success                                                           -- Performing Test HAVE_CLOCK_GETTIME_MONOTONIC_RAW                                                 -- Performing Test HAVE_CLOCK_GETTIME_MONOTONIC_RAW - Success                                       -- Looking for dlfcn.h                            -- Looking for dlfcn.h - found                                                                      -- Looking for inttypes.h                         -- Looking for inttypes.h - found                                                                   -- Looking for memory.h                           -- Looking for memory.h - found                                                                     -- Looking for getpagesize                        -- Looking for getpagesize - found                                                                  -- Looking for mmap                               -- Looking for mmap - found                                                                         -- Looking for getrandom                          -- Looking for getrandom - not found                                                                -- Looking for arc4random_buf                                                                       -- Looking for arc4random_buf - found                                                               -- Performing Test HAVE_SYSCALL_GETRANDOM                                                           -- Performing Test HAVE_SYSCALL_GETRANDOM - Success                                                 -- Looking for byteswap.h                         -- Looking for byteswap.h - found                                                                   -- Looking for limits.h                           -- Looking for limits.h - found                                                                     -- Looking for sys/sysctl.h                                                                         -- Looking for sys/sysctl.h - not found                                                             -- Performing Test HAVE_BSWAP_16                                                                    -- Performing Test HAVE_BSWAP_16 - Success                                                          -- Performing Test HAVE_BSWAP_32                                                                    -- Performing Test HAVE_BSWAP_32 - Success                                                          -- Performing Test HAVE_BSWAP_64                                                                    -- Performing Test HAVE_BSWAP_64 - Success                                                          -- Found BZip2: cmbzip2 (found version "1.0.8")                                                     -- Found LibLZMA: cmliblzma (found version "5.2.5")                                                 -- Looking for 3 include files sys/types.h, ..., copyfile.h                                         -- Looking for 3 include files sys/types.h, ..., copyfile.h - not found                             -- Looking for 3 include files sys/types.h, ..., direct.h                                           -- Looking for 3 include files sys/types.h, ..., direct.h - not found                               -- Looking for 4 include files sys/types.h, ..., errno.h                                            -- Looking for 4 include files sys/types.h, ..., errno.h - found                                    -- Looking for 5 include files sys/types.h, ..., ext2fs/ext2_fs.h                                   -- Looking for 5 include files sys/types.h, ..., ext2fs/ext2_fs.h - not found                                                                         -- Performing Test HAVE_WORKING_EXT2_IOC_GETFLAGS                                                   -- Performing Test HAVE_WORKING_EXT2_IOC_GETFLAGS - Failed                                          -- Looking for 6 include files sys/types.h, ..., fnmatch.h                                          -- Looking for 6 include files sys/types.h, ..., fnmatch.h - found                                  -- Looking for 7 include files sys/types.h, ..., grp.h                                              -- Looking for 7 include files sys/types.h, ..., grp.h - found                                      -- Looking for 8 include files sys/types.h, ..., langinfo.h                                         -- Looking for 8 include files sys/types.h, ..., langinfo.h - found                                 -- Looking for 10 include files sys/types.h, ..., linux/types.h                                     -- Looking for 10 include files sys/types.h, ..., linux/types.h - found                             -- Looking for 11 include files sys/types.h, ..., linux/fiemap.h                                    -- Looking for 11 include files sys/types.h, ..., linux/fiemap.h - found                            -- Looking for 12 include files sys/types.h, ..., linux/fs.h                                        -- Looking for 12 include files sys/types.h, ..., linux/fs.h - found                                -- Performing Test HAVE_WORKING_FS_IOC_GETFLAGS                                                     -- Performing Test HAVE_WORKING_FS_IOC_GETFLAGS - Success                                           -- Looking for 13 include files sys/types.h, ..., linux/magic.h                                     -- Looking for 13 include files sys/types.h, ..., linux/magic.h - found                             -- Looking for 15 include files sys/types.h, ..., membership.h                                      -- Looking for 15 include files sys/types.h, ..., membership.h - not found                          -- Looking for 16 include files sys/types.h, ..., paths.h                                           -- Looking for 16 include files sys/types.h, ..., paths.h - found                                   -- Looking for 18 include files sys/types.h, ..., process.h                                         -- Looking for 18 include files sys/types.h, ..., process.h - not found                             -- Looking for 18 include files sys/types.h, ..., pthread.h                                         -- Looking for 18 include files sys/types.h, ..., pthread.h - found                                 -- Looking for 20 include files sys/types.h, ..., readpassphrase.h                                  -- Looking for 20 include files sys/types.h, ..., readpassphrase.h - not found                                                                        -- Looking for 20 include files sys/types.h, ..., regex.h                                           -- Looking for 20 include files sys/types.h, ..., regex.h - found                                   -- Looking for 21 include files sys/types.h, ..., signal.h                                          -- Looking for 21 include files sys/types.h, ..., signal.h - found                                  -- Looking for 22 include files sys/types.h, ..., spawn.h                                           -- Looking for 22 include files sys/types.h, ..., spawn.h - not found                               -- Looking for 22 include files sys/types.h, ..., stdarg.h                                          -- Looking for 22 include files sys/types.h, ..., stdarg.h - found                                  -- Looking for 26 include files sys/types.h, ..., sys/acl.h                                         -- Looking for 26 include files sys/types.h, ..., sys/acl.h - not found                             -- Looking for 26 include files sys/types.h, ..., sys/cdefs.h                                       -- Looking for 26 include files sys/types.h, ..., sys/cdefs.h - found                               -- Looking for 27 include files sys/types.h, ..., sys/extattr.h                                     -- Looking for 27 include files sys/types.h, ..., sys/extattr.h - not found                         -- Looking for 28 include files sys/types.h, ..., sys/mkdev.h                                       -- Looking for 28 include files sys/types.h, ..., sys/mkdev.h - not found                           -- Looking for 28 include files sys/types.h, ..., sys/mount.h                                       -- Looking for 28 include files sys/types.h, ..., sys/mount.h - found                               -- Looking for 31 include files sys/types.h, ..., sys/richacl.h                                     -- Looking for 31 include files sys/types.h, ..., sys/richacl.h - not found                         -- Looking for 33 include files sys/types.h, ..., sys/statfs.h                                      -- Looking for 33 include files sys/types.h, ..., sys/statfs.h - found                              -- Looking for 34 include files sys/types.h, ..., sys/statvfs.h                                     -- Looking for 34 include files sys/types.h, ..., sys/statvfs.h - found                             -- Looking for 35 include files sys/types.h, ..., sys/sysmacros.h                                   -- Looking for 35 include files sys/types.h, ..., sys/sysmacros.h - found                           -- Looking for 37 include files sys/types.h, ..., sys/utsname.h                                     -- Looking for 37 include files sys/types.h, ..., sys/utsname.h - found                             -- Looking for 38 include files sys/types.h, ..., sys/vfs.h                                         -- Looking for 38 include files sys/types.h, ..., sys/vfs.h - found                                 -- Looking for 41 include files sys/types.h, ..., time.h                                            -- Looking for 41 include files sys/types.h, ..., time.h - found                                    -- Looking for 45 include files sys/types.h, ..., wctype.h                                          -- Looking for 45 include files sys/types.h, ..., wctype.h - found                                  -- Looking for 46 include files sys/types.h, ..., windows.h                                         -- Looking for 46 include files sys/types.h, ..., windows.h - not found                             -- Looking for 46 include files sys/types.h, ..., wincrypt.h                                        -- Looking for 46 include files sys/types.h, ..., wincrypt.h - not found                            -- Looking for 46 include files sys/types.h, ..., winioctl.h                                        -- Looking for 46 include files sys/types.h, ..., winioctl.h - not found                            -- Performing Test SAFE_TO_DEFINE_EXTENSIONS                                                        -- Performing Test SAFE_TO_DEFINE_EXTENSIONS - Success                                              -- Looking for MD5Init in md                                                                        -- Looking for MD5Init in md - found                                                                -- Looking for chflags                            -- Looking for chflags - not found                                                                  -- Looking for chown                              -- Looking for chown - found                                                                        -- Looking for chroot                             -- Looking for chroot - found                                                                       -- Looking for ctime_r                            -- Looking for ctime_r - found                                                                      -- Looking for fchdir                             -- Looking for fchdir - found                                                                       -- Looking for fchflags                           -- Looking for fchflags - not found                                                                 -- Looking for fchmod                             -- Looking for fchmod - found                                                                       -- Looking for fchown                             -- Looking for fchown - found                                                                       -- Looking for fdopendir                          -- Looking for fdopendir - found                                                                    -- Looking for fork                               -- Looking for fork - found                                                                         -- Looking for fstat                              -- Looking for fstat - found                                                                        -- Looking for fstatat                            -- Looking for fstatat - found                                                                      -- Looking for fstatfs                            -- Looking for fstatfs - found                                                                      -- Looking for fstatvfs                           -- Looking for fstatvfs - found                                                                     -- Looking for futimens                           -- Looking for futimens - found                                                                     -- Looking for futimes                            -- Looking for futimes - found                                                                      -- Looking for futimesat                          -- Looking for futimesat - found                                                                    -- Looking for getgrgid_r                         -- Looking for getgrgid_r - found                                                                   -- Looking for getgrnam_r                         -- Looking for getgrnam_r - found                                                                   -- Looking for getline                            -- Looking for getline - found                                                                      -- Looking for getpwnam_r                         -- Looking for getpwnam_r - found                                                                   -- Looking for getpid                             -- Looking for getpid - found                                                                       -- Looking for getvfsbyname                                                                         -- Looking for getvfsbyname - not found                                                             -- Looking for lchflags                           -- Looking for lchflags - not found                                                                 -- Looking for lchmod                             -- Looking for lchmod - not found                                                                   -- Looking for lchown                             -- Looking for lchown - found                                                                       -- Looking for link                               -- Looking for link - found                                                                         -- Looking for linkat                             -- Looking for linkat - found                                                                       -- Looking for localtime_r                        -- Looking for localtime_r - found                                                                  -- Looking for lstat                              -- Looking for lstat - found                                                                        -- Looking for lutimes                            -- Looking for lutimes - found                                                                      -- Looking for mbrtowc                            -- Looking for mbrtowc - found                                                                      -- Looking for mkdir                              -- Looking for mkdir - found                                                                        -- Looking for mkfifo                             -- Looking for mkfifo - found                                                                       -- Looking for mknod                              -- Looking for mknod - found                                                                        -- Looking for mkstemp                            -- Looking for mkstemp - found                                                                      -- Looking for nl_langinfo                        -- Looking for nl_langinfo - found                                                                  -- Looking for openat                             -- Looking for openat - found                                                                       -- Looking for poll                               -- Looking for poll - found                                                                         -- Looking for posix_spawnp                                                                         -- Looking for posix_spawnp - found                                                                 -- Looking for readlink                           -- Looking for readlink - found                                                                     -- Looking for readpassphrase                                                                       -- Looking for readpassphrase - not found                                                           -- Looking for setenv                             -- Looking for setenv - found                                                                       -- Looking for statfs                             -- Looking for statfs - found                                                                       -- Looking for statvfs                            -- Looking for statvfs - found                                                                      -- Looking for strerror                           -- Looking for strerror - found                                                                     -- Looking for strncpy_s                          -- Looking for strncpy_s - not found                                                                -- Looking for strnlen                            -- Looking for strnlen - found                                                                      -- Looking for symlink                            -- Looking for symlink - found                                                                      -- Looking for sysconf                            -- Looking for sysconf - found                                                                      -- Looking for timegm                             -- Looking for timegm - found                                                                       -- Looking for tzset                              -- Looking for tzset - found                                                                        -- Looking for unlinkat                           -- Looking for unlinkat - found                                                                     -- Looking for utimensat                          -- Looking for utimensat - found                                                                    -- Looking for vfork                              -- Looking for vfork - found                                                                        -- Looking for wcrtomb                            -- Looking for wcrtomb - found                                                                      -- Looking for wcscmp                             -- Looking for wcscmp - found                                                                       -- Looking for wcscpy                             -- Looking for wcscpy - found                                                                       -- Looking for wcslen                             -- Looking for wcslen - found                                                                       -- Looking for wctomb                             -- Looking for wctomb - found                                                                       -- Looking for _get_timezone                                                                        -- Looking for _get_timezone - not found                                                            -- Looking for ctime_s                            -- Looking for ctime_s - not found                                                                  -- Looking for gmtime_s                           -- Looking for gmtime_s - not found                                                                 -- Looking for localtime_s                        -- Looking for localtime_s - not found                                                              -- Looking for _mkgmtime                          -- Looking for _mkgmtime - not found                                                                -- Looking for cygwin_conv_path                                                                     -- Looking for cygwin_conv_path - not found                                                         -- Looking for vprintf                            -- Looking for vprintf - found                                                                      -- Looking for wmemcmp                            -- Looking for wmemcmp - found                                                                      -- Looking for wmemcpy                            -- Looking for wmemcpy - found                                                                      -- Looking for wmemmove                           -- Looking for wmemmove - found                                                                     -- Performing Test HAVE_STRUCT_VFSCONF                                                              -- Performing Test HAVE_STRUCT_VFSCONF - Failed                                                     -- Performing Test HAVE_STRUCT_XVFSCONF                                                             -- Performing Test HAVE_STRUCT_XVFSCONF - Failed                                                    -- Performing Test HAVE_STRUCT_STATFS                                                               -- Performing Test HAVE_STRUCT_STATFS - Failed                                                      -- Performing Test HAVE_READDIR_R                                                                   -- Performing Test HAVE_READDIR_R - Success                                                         -- Performing Test HAVE_DIRFD                                                                       -- Performing Test HAVE_DIRFD - Success                                                             -- Performing Test HAVE_READLINKAT                                                                  -- Performing Test HAVE_READLINKAT - Success                                                        -- Performing Test MAJOR_IN_MKDEV                                                                   -- Performing Test MAJOR_IN_MKDEV - Failed                                                          -- Performing Test MAJOR_IN_SYSMACROS                                                               -- Performing Test MAJOR_IN_SYSMACROS - Success                                                     -- Looking for EFTYPE                             -- Looking for EFTYPE - not found                                                                   -- Looking for EILSEQ                             -- Looking for EILSEQ - found                                                                       -- Looking for D_MD_ORDER                         -- Looking for D_MD_ORDER - not found                                                               -- Performing Test HAVE_STRUCT_TM_TM_GMTOFF                                                         -- Performing Test HAVE_STRUCT_TM_TM_GMTOFF - Success                                               -- Performing Test HAVE_STRUCT_TM___TM_GMTOFF                                                       -- Performing Test HAVE_STRUCT_TM___TM_GMTOFF - Failed                                              -- Performing Test HAVE_STRUCT_STAT_ST_BIRTHTIME                                                    -- Performing Test HAVE_STRUCT_STAT_ST_BIRTHTIME - Failed                                           -- Performing Test HAVE_STRUCT_STAT_ST_BIRTHTIMESPEC_TV_NSEC                                        -- Performing Test HAVE_STRUCT_STAT_ST_BIRTHTIMESPEC_TV_NSEC - Failed                               -- Performing Test HAVE_STRUCT_STAT_ST_MTIMESPEC_TV_NSEC                                            -- Performing Test HAVE_STRUCT_STAT_ST_MTIMESPEC_TV_NSEC - Failed                                   -- Performing Test HAVE_STRUCT_STAT_ST_MTIM_TV_NSEC                                                 -- Performing Test HAVE_STRUCT_STAT_ST_MTIM_TV_NSEC - Success                                       -- Performing Test HAVE_STRUCT_STAT_ST_MTIME_N                                                      -- Performing Test HAVE_STRUCT_STAT_ST_MTIME_N - Failed                                             -- Performing Test HAVE_STRUCT_STAT_ST_UMTIME                                                       -- Performing Test HAVE_STRUCT_STAT_ST_UMTIME - Failed                                              -- Performing Test HAVE_STRUCT_STAT_ST_MTIME_USEC                                                   -- Performing Test HAVE_STRUCT_STAT_ST_MTIME_USEC - Failed                                          -- Performing Test HAVE_STRUCT_STAT_ST_BLKSIZE                                                      -- Performing Test HAVE_STRUCT_STAT_ST_BLKSIZE - Success                                            -- Performing Test HAVE_STRUCT_STAT_ST_FLAGS                                                        -- Performing Test HAVE_STRUCT_STAT_ST_FLAGS - Failed                                               -- Performing Test HAVE_STRUCT_STATVFS_F_IOSIZE                                                     -- Performing Test HAVE_STRUCT_STATVFS_F_IOSIZE - Failed                                            -- Check size of dev_t                            -- Check size of dev_t - done                                                                       -- Check size of gid_t                            -- Check size of gid_t - done                                                                       -- Check size of id_t                             -- Check size of id_t - done                                                                        -- Check size of mode_t                           -- Check size of mode_t - done                                                                      -- Check size of off_t                            -- Check size of off_t - done                                                                       -- Check size of size_t                           -- Check size of size_t - done                                                                      -- Check size of ssize_t                          -- Check size of ssize_t - done                                                                     -- Check size of uid_t                            -- Check size of uid_t - done                                                                       -- Check size of pid_t                            -- Check size of pid_t - done                                                                       -- Check size of wchar_t                          -- Check size of wchar_t - done                                                                     -- Checking _FILE_OFFSET_BITS for large files                                                       -- Checking _FILE_OFFSET_BITS for large files - not needed                                          -- Checking support for ARCHIVE_CRYPTO_MD5_LIBC                                                     -- Checking support for ARCHIVE_CRYPTO_MD5_LIBC -- not found                                        -- Checking support for ARCHIVE_CRYPTO_RMD160_LIBC                                                  -- Checking support for ARCHIVE_CRYPTO_RMD160_LIBC -- not found                                     -- Checking support for ARCHIVE_CRYPTO_SHA1_LIBC                                                    -- Checking support for ARCHIVE_CRYPTO_SHA1_LIBC -- not found                                       -- Checking support for ARCHIVE_CRYPTO_SHA256_LIBC                                                  -- Checking support for ARCHIVE_CRYPTO_SHA256_LIBC -- not found                                     -- Checking support for ARCHIVE_CRYPTO_SHA384_LIBC                                                  -- Checking support for ARCHIVE_CRYPTO_SHA384_LIBC -- not found                                     -- Checking support for ARCHIVE_CRYPTO_SHA512_LIBC                                                  -- Checking support for ARCHIVE_CRYPTO_SHA512_LIBC -- not found                                     -- Checking support for ARCHIVE_CRYPTO_SHA256_LIBC2                                                 -- Checking support for ARCHIVE_CRYPTO_SHA256_LIBC2 -- not found                                    -- Checking support for ARCHIVE_CRYPTO_SHA384_LIBC2                                                 -- Checking support for ARCHIVE_CRYPTO_SHA384_LIBC2 -- not found                                    -- Checking support for ARCHIVE_CRYPTO_SHA512_LIBC2                                                 -- Checking support for ARCHIVE_CRYPTO_SHA512_LIBC2 -- not found                                    -- Checking support for ARCHIVE_CRYPTO_SHA256_LIBC3                                                 -- Checking support for ARCHIVE_CRYPTO_SHA256_LIBC3 -- not found                                    -- Checking support for ARCHIVE_CRYPTO_SHA384_LIBC3                                                 -- Checking support for ARCHIVE_CRYPTO_SHA384_LIBC3 -- not found                                    -- Checking support for ARCHIVE_CRYPTO_SHA512_LIBC3                                                 -- Checking support for ARCHIVE_CRYPTO_SHA512_LIBC3 -- not found                                    -- Checking support for ARCHIVE_CRYPTO_MD5_LIBSYSTEM                                                -- Checking support for ARCHIVE_CRYPTO_MD5_LIBSYSTEM -- not found                                   -- Checking support for ARCHIVE_CRYPTO_SHA1_LIBSYSTEM                                               -- Checking support for ARCHIVE_CRYPTO_SHA1_LIBSYSTEM -- not found                                  -- Checking support for ARCHIVE_CRYPTO_SHA256_LIBSYSTEM                                             -- Checking support for ARCHIVE_CRYPTO_SHA256_LIBSYSTEM -- not found                                -- Checking support for ARCHIVE_CRYPTO_SHA384_LIBSYSTEM                                             -- Checking support for ARCHIVE_CRYPTO_SHA384_LIBSYSTEM -- not found                                -- Checking support for ARCHIVE_CRYPTO_SHA512_LIBSYSTEM                                             -- Checking support for ARCHIVE_CRYPTO_SHA512_LIBSYSTEM -- not found                                -- Checking support for ARCHIVE_CRYPTO_MD5_LIBMD                                                    CMake Error: The following variables are used in this project, but they are set to NOTFOUND.                                                          Please set them or make sure they are set and tested correctly in the CMake files:                                                                    LIBMD_LIBRARY                                         linked by target "cmTC_9ea03" in directory /data/data/com.termux/files/usr/tmp/tmp5rtnz7og/cmake-3.31.4/CMakeFiles/CMakeTmp                                                                                                                           CMake Error at Utilities/cmlibarchive/CMakeLists.txt:995 (TRY_COMPILE):                               Failed to generate test project build system.                                                     Call Stack (most recent call first):                                                                  Utilities/cmlibarchive/CMakeLists.txt:2116 (CHECK_CRYPTO)                                                                                                                                             -- Configuring incomplete, errors occurred!                                                         ---------------------------------------------                                                       Error when bootstrapping CMake:                                                                     Problem while running initial CMake                                                                 ---------------------------------------------                                                       Traceback (most recent call last):                                                                    File "/data/data/com.termux/files/usr/lib/python3.12/site-packages/pip/_vendor/pyproject_hooks/_in_process/_in_process.py", line 353, in <module>                                                         main()                                          File "/data/data/com.termux/files/usr/lib/python3.12/site-packages/pip/_vendor/pyproject_hooks/_in_process/_in_process.py", line 335, in main                                                             json_out['return_val'] = hook(**hook_input['kwargs'])                                                                        ^^^^^^^^^^^^^^^^^^^^^^^^^^^^                                             File "/data/data/com.termux/files/usr/lib/python3.12/site-packages/pip/_vendor/pyproject_hooks/_in_process/_in_process.py", line 251, in build_wheel                                                      return _build_backend().build_wheel(wheel_directory, config_settings,                                      ^^^^^^^^^^^^^^^^^^^^^^^^^^^^^^^^^^^^^^^^^^^^^^^^^^^^^^^^^^^^^^                             File "/data/data/com.termux/files/usr/tmp/pip-install-9hz_bqj5/cmake_7d0d8cac70ae4efda969075210b2e959/_build_backend/backend.py", line 156, in build_wheel                                                cmake_path = _bootstrap_build(temp_path, config_settings)                                                        ^^^^^^^^^^^^^^^^^^^^^^^^^^^^^^^^^^^^^^^^^^^^                                         File "/data/data/com.termux/files/usr/tmp/pip-install-9hz_bqj5/cmake_7d0d8cac70ae4efda969075210b2e959/_build_backend/backend.py", line 127, in _bootstrap_build                                           subprocess.run([bootstrap_path, *bootstrap_args], env=env, check=True)                            File "/data/data/com.termux/files/usr/lib/python3.12/subprocess.py", line 571, in run                                                                   raise CalledProcessError(retcode, process.args,                                                 subprocess.CalledProcessError: Command '[PosixPath('/data/data/com.termux/files/usr/tmp/tmp5rtnz7og/cmake-3.31.4/bootstrap'), '--prefix=/data/data/com.termux/files/usr/tmp/tmp5rtnz7og/cmake-install', '--no-qt-gui', '--no-debugger', '--parallel={parallel}', '--', '-DBUILD_TESTING=OFF', '-DBUILD_CursesDialog:BOOL=OFF']' returned non-zero exit status 11.                                               [end of output]                                                                                 note: This error originates from a subprocess, and is likely not a problem with pip.                                                                  ERROR: Failed building wheel for cmake                                                            Failed to build cmake                             ERROR: ERROR: Failed to build installable wheels for some pyproject.toml based projects (cmake)                                                       [end of output]                                                                                 note: This error originates from a subprocess, and is likely not a problem with pip.              error: subprocess-exited-with-error                                                                  pip subprocess to install backend dependencies did not run successfully.                           exit code: 1                                    > See above for output.                                                                           note: This error originates from a subprocess, and is likely not a problem with pip.                [end of output]                                                                                 note: This error originates from a subprocess, and is likely not a problem with pip.              error: subprocess-exited-with-error                                                                  pip subprocess to install backend dependencies did not run successfully.                           exit code: 1                                    > See above for output.                                                                           note: This error originates from a subprocess, and is likely not a problem with pip.                Traceback (most recent call last):                  File "/data/data/com.termux/files/usr/lib/python3.12/site-packages/setuptools/installer.py", line 107, in _fetch_build_egg_no_warn                      subprocess.check_call(cmd)                      File "/data/data/com.termux/files/usr/lib/python3.12/subprocess.py", line 413, in check_call          raise CalledProcessError(retcode, cmd)        subprocess.CalledProcessError: Command '['/data/data/com.termux/files/usr/bin/python3.12', '-m', 'pip', '--disable-pip-version-check', 'wheel', '--no-deps', '-w', '/data/data/com.termux/files/usr/tmp/tmpa9rq9ncf', '--quiet', 'numpy<2.2,>=2.0.0rc1']' returned non-zero exit status 1.                                                                    The above exception was the direct cause of the following exception:                                                                                  Traceback (most recent call last):                  File "<string>", line 2, in <module>              File "<pip-setuptools-caller>", line 34, in <module>                                                File "/data/data/com.termux/files/usr/tmp/pip-install-_eqfm80c/numba_0fe199b85a9b447c943961d3bf33772e/setup.py", line 427, in <module>                  setup(**metadata)                               File "/data/data/com.termux/files/usr/lib/python3.12/site-packages/setuptools/__init__.py", line 116, in setup                                          _install_setup_requires(attrs)                  File "/data/data/com.termux/files/usr/lib/python3.12/site-packages/setuptools/__init__.py", line 89, in _install_setup_requires                         _fetch_build_eggs(dist)                         File "/data/data/com.termux/files/usr/lib/python3.12/site-packages/setuptools/__init__.py", line 94, in _fetch_build_eggs                               dist.fetch_build_eggs(dist.setup_requires)                                                        File "/data/data/com.termux/files/usr/lib/python3.12/site-packages/setuptools/dist.py", line 663, in fetch_build_eggs                                   return _fetch_build_eggs(self, requires)                 ^^^^^^^^^^^^^^^^^^^^^^^^^^^^^^^^^        File "/data/data/com.termux/files/usr/lib/python3.12/site-packages/setuptools/installer.py", line 44, in _fetch_build_eggs                              resolved_dists = pkg_resources.working_set.resolve(                                                                  ^^^^^^^^^^^^^^^^^^^^^^^^^^^^^^^^^^                                               File "/data/data/com.termux/files/usr/lib/python3.12/site-packages/pkg_resources/__init__.py", line 888, in resolve                                     dist = self._resolve_dist(                               ^^^^^^^^^^^^^^^^^^^                      File "/data/data/com.termux/files/usr/lib/python3.12/site-packages/pkg_resources/__init__.py", line 924, in _resolve_dist                               dist = best[req.key] = env.best_match(                                   ^^^^^^^^^^^^^^^          File "/data/data/com.termux/files/usr/lib/python3.12/site-packages/pkg_resources/__init__.py", line 1262, in best_match                                 return self.obtain(req, installer)                       ^^^^^^^^^^^^^^^^^^^^^^^^^^^              File "/data/data/com.termux/files/usr/lib/python3.12/site-packages/pkg_resources/__init__.py", line 1298, in obtain                                     return installer(requirement) if installer else None                                                       ^^^^^^^^^^^^^^^^^^^^^^                   File "/data/data/com.termux/files/usr/lib/python3.12/site-packages/setuptools/installer.py", line 109, in _fetch_build_egg_no_warn                      raise DistutilsError(str(e)) from e           distutils.errors.DistutilsError: Command '['/data/data/com.termux/files/usr/bin/python3.12', '-m', 'pip', '--disable-pip-version-check', 'wheel', '--no-deps', '-w', '/data/data/com.termux/files/usr/tmp/tmpa9rq9ncf', '--quiet', 'numpy<2.2,>=2.0.0rc1']' returned non-zero exit status 1.                [end of output]                                                                                 note: This error originates from a subprocess, and is likely not a problem with pip.              error: metadata-generation-failed                                                                    Encountered error while generating package metadata.                                              > See above for output.                                                                           note: This is an issue with the package mentioned above, not pip.                                   hint: See above for details.                      ~ $
